<?xml version="1.0" encoding="UTF-8"?>
<testng-results ignored="0" total="1" passed="1" failed="0" skipped="0">
  <reporter-output>
  </reporter-output>
  <suite started-at="2022-06-18T14:35:34 IST" name="Suite" finished-at="2022-06-18T14:36:05 IST" duration-ms="31022">
    <groups>
    </groups>
    <test started-at="2022-06-18T14:35:34 IST" name="Test" finished-at="2022-06-18T14:36:05 IST" duration-ms="31022">
      <class name="com.SampleProject.Jenkins.JenkinsSampleTest">
        <test-method signature="login()[pri:0, instance:com.SampleProject.Jenkins.JenkinsSampleTest@1e1a0406]" started-at="2022-06-18T14:35:34 IST" name="login" finished-at="2022-06-18T14:36:05 IST" duration-ms="30928" status="PASS">
          <reporter-output>
          </reporter-output>
        </test-method> <!-- login -->
      </class> <!-- com.SampleProject.Jenkins.JenkinsSampleTest -->
    </test> <!-- Test -->
  </suite> <!-- Suite -->
</testng-results>
