<?xml version="1.0" encoding="UTF-8"?>
<testsuite xmlns:xsi="http://www.w3.org/2001/XMLSchema-instance" xsi:noNamespaceSchemaLocation="https://maven.apache.org/surefire/maven-surefire-plugin/xsd/surefire-test-report-3.0.xsd" version="3.0" name="TestSuite" time="32.716" tests="1" errors="0" skipped="0" failures="0">
  <properties>
[...]
</properties>
  <testcase name="login" classname="com.SampleProject.Jenkins.JenkinsSampleTest" time="30.926">
    <system-err><![CDATA[log4j:WARN No appenders could be found for logger (org.testng.TestNG).
log4j:WARN Please initialize the log4j system properly.
log4j:WARN See http://logging.apache.org/log4j/1.2/faq.html#noconfig for more info.
1655543137566	geckodriver	INFO	Listening on 127.0.0.1:49556
1655543140724	mozrunner::runner	INFO	Running command: "/usr/bin/firefox" "--marionette" "--remote-debugging-port" "52189" "--remote-allow-hosts" "localhost" "--remote-allow-origins" "http://localhost:52189/" "-no-remote" "-profile" "/tmp/rust_mozprofile0oT39X"
1655543146599	Marionette	INFO	Marionette enabled
console.warn: SearchSettings: "get: No settings file exists, new profile?" (new NotFoundError("Could not open the file at /tmp/rust_mozprofile0oT39X/search.json.mozlz4", (void 0)))
DevTools listening on ws://localhost:52189/devtools/browser/2c5fb812-5ffc-4431-ae91-cd503cbd026f
1655543154734	Marionette	INFO	Listening on port 34869
1655543154985	RemoteAgent	WARN	TLS certificate errors will be ignored for this session
Jun 18, 2022 2:35:55 PM org.openqa.selenium.remote.ProtocolHandshake createSession
INFO: Detected upstream dialect: W3C
]]></system-err>
  </testcase>
</testsuite>